<?xml version="1.0" encoding="UTF-8"?>
<!-- Generated by org.testng.reporters.JUnitReportReporter -->
<testsuite hostname="LAPTOP-SSQPGT4E" failures="0" tests="1" name="testNGFW.CaptureScreenshot" time="40.581" errors="0" timestamp="2022-10-14T20:52:22 EDT" skipped="0">
  <testcase classname="testNGFW.CaptureScreenshot" name="captureScreenMethod" time="40.581"/>
  <system-out/>
</testsuite> <!-- testNGFW.CaptureScreenshot -->
