<?xml version="1.0" encoding="UTF-8"?>
<!-- Generated by org.testng.reporters.JUnitReportReporter -->
<testsuite hostname="LAPTOP-SSQPGT4E" failures="0" tests="2" name="testNGFW.SkipTestCase" time="0.011" errors="0" timestamp="2022-10-06T22:41:36 EDT" skipped="1">
  <testcase classname="testNGFW.SkipTestCase" name="aSkipTest" time="0.010">
    <skipped/>
  </testcase> <!-- aSkipTest -->
  <system-out/>
  <testcase classname="testNGFW.SkipTestCase" name="nonSkipTest" time="0.001"/>
  <system-out/>
</testsuite> <!-- testNGFW.SkipTestCase -->
