<?xml version="1.0" encoding="UTF-8"?>
<!-- Generated by org.testng.reporters.JUnitReportReporter -->
<testsuite hostname="LAPTOP-SSQPGT4E" failures="0" tests="3" name="parameterization.Data_Provider" time="30.673" errors="0" timestamp="2022-10-16T12:16:37 EDT" skipped="0">
  <testcase classname="parameterization.Data_Provider" name="paramByDataProvider" time="9.932"/>
  <system-out/>
  <testcase classname="parameterization.Data_Provider" name="paramByDataProvider" time="11.440"/>
  <system-out/>
  <testcase classname="parameterization.Data_Provider" name="paramByDataProvider" time="9.301"/>
  <system-out/>
</testsuite> <!-- parameterization.Data_Provider -->
