<?xml version="1.0" encoding="UTF-8"?>
<!-- Generated by org.testng.reporters.JUnitReportReporter -->
<testsuite hostname="LAPTOP-SSQPGT4E" failures="0" tests="1" name="parameterization.ParameterizedClass" time="4.489" errors="0" timestamp="2022-10-28T14:55:02 EDT" skipped="0">
  <testcase classname="parameterization.ParameterizedClass" name="Parameterpassing" time="4.489"/>
  <system-out/>
</testsuite> <!-- parameterization.ParameterizedClass -->
