<?xml version="1.0" encoding="UTF-8"?>
<!-- Generated by org.testng.reporters.JUnitReportReporter -->
<testsuite hostname="LAPTOP-SSQPGT4E" failures="0" tests="2" name="testNGFW.thirdtestngfile" time="1.923" errors="0" timestamp="2022-10-06T13:38:32 EDT" skipped="0">
  <testcase classname="testNGFW.thirdtestngfile" name="register" time="0.936"/>
  <system-out/>
  <testcase classname="testNGFW.thirdtestngfile" name="support" time="0.987"/>
  <system-out/>
</testsuite> <!-- testNGFW.thirdtestngfile -->
