<?xml version="1.0" encoding="UTF-8"?>
<!-- Generated by org.testng.reporters.JUnitReportReporter -->
<testsuite hostname="LAPTOP-SSQPGT4E" failures="0" tests="1" name="testNGFW.ActionsClass2" time="6.528" errors="0" timestamp="2022-10-06T12:56:08 EDT" skipped="0">
  <testcase classname="testNGFW.ActionsClass2" name="textInCaps" time="6.528"/>
  <system-out/>
</testsuite> <!-- testNGFW.ActionsClass2 -->
