<?xml version="1.0" encoding="UTF-8"?>
<!-- Generated by org.testng.reporters.JUnitReportReporter -->
<testsuite hostname="LAPTOP-SSQPGT4E" failures="0" tests="3" name="testNGFW.ActionsClass" time="9.309" errors="0" timestamp="2022-10-03T19:55:27 EDT" skipped="0">
  <testcase classname="testNGFW.ActionsClass" name="textInCaps" time="2.040"/>
  <system-out/>
  <testcase classname="testNGFW.ActionsClass" name="actionsClass" time="3.627"/>
  <system-out/>
  <testcase classname="testNGFW.ActionsClass" name="doubleClick" time="3.642"/>
  <system-out/>
</testsuite> <!-- testNGFW.ActionsClass -->
