<?xml version="1.0" encoding="UTF-8"?>
<!-- Generated by org.testng.reporters.JUnitReportReporter -->
<testsuite hostname="LAPTOP-SSQPGT4E" failures="0" tests="1" name="automationFramework.AlertInterface_Oct8" time="14.021" errors="0" timestamp="2022-10-03T19:07:43 EDT" skipped="0">
  <testcase classname="automationFramework.AlertInterface_Oct8" name="alertWindow" time="14.021"/>
  <system-out/>
</testsuite> <!-- automationFramework.AlertInterface_Oct8 -->
