<?xml version="1.0" encoding="UTF-8"?>
<!-- Generated by org.testng.reporters.JUnitReportReporter -->
<testsuite hostname="LAPTOP-SSQPGT4E" failures="0" tests="3" name="testNGFW.TestngAnnotation" time="0.010" errors="0" timestamp="2022-10-14T20:53:29 EDT" skipped="1">
  <testcase classname="testNGFW.TestngAnnotation" name="testCase1" time="0.009"/>
  <system-out/>
  <testcase classname="testNGFW.TestngAnnotation" name="testCase2" time="0.001"/>
  <system-out/>
  <testcase classname="testNGFW.TestngAnnotation" name="testCase3">
    <skipped/>
  </testcase> <!-- testCase3 -->
  <system-out/>
</testsuite> <!-- testNGFW.TestngAnnotation -->
