<?xml version="1.0" encoding="UTF-8"?>
<!-- Generated by org.testng.reporters.JUnitReportReporter -->
<testsuite hostname="LAPTOP-SSQPGT4E" failures="0" tests="2" name="testNGFW.day1" time="0.023" errors="0" timestamp="2022-10-15T10:53:17 EDT" skipped="0">
  <testcase classname="testNGFW.day1" name="SecondTest" time="0.013"/>
  <system-out/>
  <testcase classname="testNGFW.day1" name="ThirdTest" time="0.010"/>
  <system-out/>
</testsuite> <!-- testNGFW.day1 -->
