<?xml version="1.0" encoding="UTF-8"?>
<!-- Generated by org.testng.reporters.JUnitReportReporter -->
<testsuite hostname="LAPTOP-SSQPGT4E" failures="0" tests="1" name="grid.RSATest" time="18.583" errors="0" timestamp="2022-11-26T21:16:15 EST" skipped="0">
  <testcase classname="grid.RSATest" name="HomePageCheck" time="18.583"/>
  <system-out/>
</testsuite> <!-- grid.RSATest -->
