<?xml version="1.0" encoding="UTF-8"?>
<!-- Generated by org.testng.reporters.JUnitReportReporter -->
<testsuite hostname="LAPTOP-SSQPGT4E" failures="0" tests="1" name="grid.GoogleTest" time="15.814" errors="0" timestamp="2022-11-26T21:16:15 EST" skipped="0">
  <testcase classname="grid.GoogleTest" name="HomePageCheck" time="15.814"/>
  <system-out/>
</testsuite> <!-- grid.GoogleTest -->
